<?xml version="1.0" encoding="UTF-8"?>
<!-- Generated by org.testng.reporters.JUnitReportReporter -->
<testsuite hostname="DESKTOP-08GTU3I" failures="0" tests="2" name="com.test.qa.testcases.Homepagetest" time="31.239" errors="0" timestamp="2024-02-21T13:09:24 IST" skipped="0">
  <testcase classname="com.test.qa.testcases.Homepagetest" name="homepagetest" time="17.276"/>
  <system-out/>
  <testcase classname="com.test.qa.testcases.Homepagetest" name="homepagetest" time="13.963"/>
  <system-out/>
</testsuite> <!-- com.test.qa.testcases.Homepagetest -->
