<?xml version="1.0" encoding="UTF-8"?>
<!-- Generated by org.testng.reporters.JUnitReportReporter -->
<testsuite hostname="DESKTOP-08GTU3I" failures="0" tests="1" name="com.test.qa.testcases.Logintest" time="10.797" errors="0" timestamp="2024-02-21T13:09:24 IST" skipped="0">
  <testcase classname="com.test.qa.testcases.Logintest" name="loginpagetest" time="10.797"/>
  <system-out/>
</testsuite> <!-- com.test.qa.testcases.Logintest -->
